<?xml version="1.0" encoding="UTF-8"?>
<!-- Generated by org.testng.reporters.JUnitReportReporter -->
<testsuite hostname="LAPTOP-2QICDJTA" failures="0" tests="3" name="rough.TestPara" time="0.011" errors="0" timestamp="2023-06-16T23:59:21 AEST" skipped="0">
  <testcase classname="rough.TestPara" name="doLogin" time="0.008"/>
  <testcase classname="rough.TestPara" name="doLogin" time="0.002"/>
  <testcase classname="rough.TestPara" name="doLogin" time="0.001"/>
</testsuite> <!-- rough.TestPara -->
