<?xml version="1.0" encoding="UTF-8"?>
<!-- Generated by org.testng.reporters.JUnitReportReporter -->
<testsuite hostname="LAPTOP-2QICDJTA" failures="0" tests="1" name="testCases.LoginTest" time="0.631" errors="0" timestamp="2023-06-16T00:47:26 AEST" skipped="0">
  <testcase classname="testCases.LoginTest" name="LoginPageTest" time="0.631"/>
</testsuite> <!-- testCases.LoginTest -->
