<?xml version="1.0" encoding="UTF-8"?>
<!-- Generated by org.testng.reporters.JUnitReportReporter -->
<testsuite hostname="LAPTOP-2QICDJTA" failures="0" tests="1" name="testCases.LoginTest2" time="0.322" errors="0" timestamp="2023-06-16T01:10:07 AEST" skipped="0">
  <testcase classname="testCases.LoginTest2" name="LoginTest2" time="0.322"/>
</testsuite> <!-- testCases.LoginTest2 -->
