<?xml version="1.0" encoding="UTF-8"?>
<!-- Generated by org.testng.reporters.JUnitReportReporter -->
<testsuite hostname="LAPTOP-2QICDJTA" failures="0" tests="1" name="testCases.LoginTest3" time="0.975" errors="0" timestamp="2023-06-16T10:06:05 AEST" skipped="0">
  <testcase classname="testCases.LoginTest3" name="LoginTest3" time="0.975"/>
</testsuite> <!-- testCases.LoginTest3 -->
