<?xml version="1.0" encoding="UTF-8"?>
<!-- Generated by org.testng.reporters.JUnitReportReporter -->
<testsuite hostname="LAPTOP-2QICDJTA" failures="0" tests="1" name="com.practice1.AppTest" time="0.014" errors="0" timestamp="2023-06-14T19:16:44 AEST" skipped="0">
  <testcase classname="com.practice1.AppTest" name="shouldAnswerWithTrue" time="0.014"/>
  <system-out/>
</testsuite> <!-- com.practice1.AppTest -->
